2021-06-30T08:51:50.684Z - info: [watchXElec] Starting watchXBlocks version: 1.0.Beta
2021-06-30T08:51:50.685Z - info: [watchXElec] watchXBlocks root dir: /Users/mobiledeveloper/Desktop/watchX_blocks
2021-06-30T08:51:50.685Z - info: [watchXElec] OS detected: darwin
2021-06-30T08:51:50.794Z - info: [watchXMgr] Command: /Users/mobiledeveloper/Desktop/watchX_blocks/watchx_exec/server/start --findprojectroot --nobrowser
2021-06-30T08:51:51.083Z - warn: [watchXElec] Page failed to load (-102). The server is probably not yet running. Trying again in 200 ms.
2021-06-30T08:51:51.555Z - warn: [watchXElec] Page failed to load (-102). The server is probably not yet running. Trying again in 200 ms.
2021-06-30T08:51:52.034Z - warn: [watchXElec] Page failed to load (-102). The server is probably not yet running. Trying again in 200 ms.
2021-06-30T08:51:52.535Z - warn: [watchXElec] Page failed to load (-102). The server is probably not yet running. Trying again in 200 ms.
2021-06-30T08:51:53.007Z - warn: [watchXElec] Page failed to load (-102). The server is probably not yet running. Trying again in 200 ms.
2021-06-30T08:51:53.478Z - warn: [watchXElec] Page failed to load (-102). The server is probably not yet running. Trying again in 200 ms.
2021-06-30T08:51:53.951Z - warn: [watchXElec] Page failed to load (-102). The server is probably not yet running. Trying again in 200 ms.
2021-06-30T08:51:54.427Z - warn: [watchXElec] Page failed to load (-102). The server is probably not yet running. Trying again in 200 ms.
2021-06-30T08:51:54.906Z - warn: [watchXElec] Page failed to load (-102). The server is probably not yet running. Trying again in 200 ms.
2021-06-30T08:51:55.377Z - warn: [watchXElec] Page failed to load (-102). The server is probably not yet running. Trying again in 200 ms.
2021-06-30T08:51:55.843Z - warn: [watchXElec] Page failed to load (-102). The server is probably not yet running. Trying again in 200 ms.
2021-06-30T08:51:56.310Z - warn: [watchXElec] Page failed to load (-102). The server is probably not yet running. Trying again in 200 ms.
2021-06-30T08:51:56.779Z - warn: [watchXElec] Page failed to load (-102). The server is probably not yet running. Trying again in 200 ms.
2021-06-30T08:51:57.246Z - warn: [watchXElec] Page failed to load (-102). The server is probably not yet running. Trying again in 200 ms.
2021-06-30T08:51:57.714Z - warn: [watchXElec] Page failed to load (-102). The server is probably not yet running. Trying again in 200 ms.
2021-06-30T08:51:58.185Z - warn: [watchXElec] Page failed to load (-102). The server is probably not yet running. Trying again in 200 ms.
2021-06-30T08:51:58.653Z - warn: [watchXElec] Page failed to load (-102). The server is probably not yet running. Trying again in 200 ms.
2021-06-30T08:51:59.124Z - warn: [watchXElec] Page failed to load (-102). The server is probably not yet running. Trying again in 200 ms.
2021-06-30T08:51:59.593Z - warn: [watchXElec] Page failed to load (-102). The server is probably not yet running. Trying again in 200 ms.
2021-06-30T08:52:00.105Z - warn: [watchXElec] Page failed to load (-102). The server is probably not yet running. Trying again in 200 ms.
2021-06-30T08:52:00.604Z - warn: [watchXElec] Page failed to load (-102). The server is probably not yet running. Trying again in 200 ms.
2021-06-30T08:52:01.077Z - warn: [watchXElec] Page failed to load (-102). The server is probably not yet running. Trying again in 200 ms.
2021-06-30T08:52:01.553Z - warn: [watchXElec] Page failed to load (-102). The server is probably not yet running. Trying again in 200 ms.
2021-06-30T08:52:02.030Z - warn: [watchXElec] Page failed to load (-102). The server is probably not yet running. Trying again in 200 ms.
2021-06-30T08:52:02.500Z - warn: [watchXElec] Page failed to load (-102). The server is probably not yet running. Trying again in 200 ms.
2021-06-30T08:52:02.971Z - warn: [watchXElec] Page failed to load (-102). The server is probably not yet running. Trying again in 200 ms.
2021-06-30T08:52:03.479Z - warn: [watchXElec] Page failed to load (-102). The server is probably not yet running. Trying again in 200 ms.
2021-06-30T08:52:03.957Z - warn: [watchXElec] Page failed to load (-102). The server is probably not yet running. Trying again in 200 ms.
2021-06-30T08:52:04.436Z - warn: [watchXElec] Page failed to load (-102). The server is probably not yet running. Trying again in 200 ms.
2021-06-30T08:52:53.827Z - info: [watchXElec] Starting watchXBlocks version: 1.0.Beta
2021-06-30T08:52:53.829Z - info: [watchXElec] watchXBlocks root dir: /Users/mobiledeveloper/Desktop/watchX_blocks
2021-06-30T08:52:53.829Z - info: [watchXElec] OS detected: darwin
2021-06-30T08:52:53.942Z - info: [watchXMgr] Command: /Users/mobiledeveloper/Desktop/watchX_blocks/watchx_exec/server/start --findprojectroot --nobrowser
2021-06-30T08:52:54.219Z - warn: [watchXElec] Page failed to load (-102). The server is probably not yet running. Trying again in 200 ms.
2021-06-30T08:52:54.752Z - warn: [watchXElec] Page failed to load (-102). The server is probably not yet running. Trying again in 200 ms.
2021-06-30T08:52:55.236Z - warn: [watchXElec] Page failed to load (-102). The server is probably not yet running. Trying again in 200 ms.
2021-06-30T08:52:55.717Z - warn: [watchXElec] Page failed to load (-102). The server is probably not yet running. Trying again in 200 ms.
2021-06-30T08:52:56.189Z - warn: [watchXElec] Page failed to load (-102). The server is probably not yet running. Trying again in 200 ms.
2021-06-30T08:52:56.670Z - warn: [watchXElec] Page failed to load (-102). The server is probably not yet running. Trying again in 200 ms.
2021-06-30T08:52:57.140Z - warn: [watchXElec] Page failed to load (-102). The server is probably not yet running. Trying again in 200 ms.
2021-06-30T08:52:57.617Z - warn: [watchXElec] Page failed to load (-102). The server is probably not yet running. Trying again in 200 ms.
2021-06-30T08:52:58.097Z - warn: [watchXElec] Page failed to load (-102). The server is probably not yet running. Trying again in 200 ms.
2021-06-30T08:52:58.577Z - warn: [watchXElec] Page failed to load (-102). The server is probably not yet running. Trying again in 200 ms.
2021-06-30T08:52:59.054Z - warn: [watchXElec] Page failed to load (-102). The server is probably not yet running. Trying again in 200 ms.
2021-06-30T08:52:59.530Z - warn: [watchXElec] Page failed to load (-102). The server is probably not yet running. Trying again in 200 ms.
2021-06-30T08:53:00.010Z - warn: [watchXElec] Page failed to load (-102). The server is probably not yet running. Trying again in 200 ms.
2021-06-30T08:53:00.491Z - warn: [watchXElec] Page failed to load (-102). The server is probably not yet running. Trying again in 200 ms.
2021-06-30T08:53:00.958Z - warn: [watchXElec] Page failed to load (-102). The server is probably not yet running. Trying again in 200 ms.
2021-06-30T08:53:01.424Z - warn: [watchXElec] Page failed to load (-102). The server is probably not yet running. Trying again in 200 ms.
2021-06-30T08:53:01.896Z - warn: [watchXElec] Page failed to load (-102). The server is probably not yet running. Trying again in 200 ms.
2021-06-30T08:53:02.365Z - warn: [watchXElec] Page failed to load (-102). The server is probably not yet running. Trying again in 200 ms.
2021-06-30T08:53:02.840Z - warn: [watchXElec] Page failed to load (-102). The server is probably not yet running. Trying again in 200 ms.
2021-06-30T08:53:03.312Z - warn: [watchXElec] Page failed to load (-102). The server is probably not yet running. Trying again in 200 ms.
2021-06-30T08:53:03.780Z - warn: [watchXElec] Page failed to load (-102). The server is probably not yet running. Trying again in 200 ms.
2021-06-30T08:53:04.247Z - warn: [watchXElec] Page failed to load (-102). The server is probably not yet running. Trying again in 200 ms.
2021-06-30T08:53:04.715Z - warn: [watchXElec] Page failed to load (-102). The server is probably not yet running. Trying again in 200 ms.
2021-06-30T08:53:05.183Z - warn: [watchXElec] Page failed to load (-102). The server is probably not yet running. Trying again in 200 ms.
2021-06-30T08:53:05.653Z - warn: [watchXElec] Page failed to load (-102). The server is probably not yet running. Trying again in 200 ms.
2021-06-30T08:53:06.181Z - warn: [watchXElec] Page failed to load (-102). The server is probably not yet running. Trying again in 200 ms.
2021-06-30T08:53:06.721Z - warn: [watchXElec] Page failed to load (-102). The server is probably not yet running. Trying again in 200 ms.
2021-06-30T08:53:07.191Z - warn: [watchXElec] Page failed to load (-102). The server is probably not yet running. Trying again in 200 ms.
2021-06-30T08:53:07.690Z - warn: [watchXElec] Page failed to load (-102). The server is probably not yet running. Trying again in 200 ms.
2021-06-30T08:53:08.215Z - warn: [watchXElec] Page failed to load (-102). The server is probably not yet running. Trying again in 200 ms.
2021-06-30T08:53:08.687Z - warn: [watchXElec] Page failed to load (-102). The server is probably not yet running. Trying again in 200 ms.
2021-06-30T08:53:09.210Z - warn: [watchXElec] Page failed to load (-102). The server is probably not yet running. Trying again in 200 ms.
2021-06-30T08:53:09.682Z - warn: [watchXElec] Page failed to load (-102). The server is probably not yet running. Trying again in 200 ms.
